mode: set
github.com/qri-io/scheduler/update/update.go:29.53,33.2 3 1
github.com/qri-io/scheduler/update/update.go:42.69,44.39 2 1
github.com/qri-io/scheduler/update/update.go:48.2,48.34 1 1
github.com/qri-io/scheduler/update/update.go:44.39,46.3 1 0
github.com/qri-io/scheduler/update/update.go:51.69,53.16 2 1
github.com/qri-io/scheduler/update/update.go:57.2,58.18 2 1
github.com/qri-io/scheduler/update/update.go:69.2,71.12 3 1
github.com/qri-io/scheduler/update/update.go:77.2,77.23 1 1
github.com/qri-io/scheduler/update/update.go:53.16,55.3 1 0
github.com/qri-io/scheduler/update/update.go:59.12,61.73 2 0
github.com/qri-io/scheduler/update/update.go:62.13,64.33 2 1
github.com/qri-io/scheduler/update/update.go:65.10,66.55 1 0
github.com/qri-io/scheduler/update/update.go:71.12,72.49 1 1
github.com/qri-io/scheduler/update/update.go:72.49,74.4 1 0
github.com/qri-io/scheduler/update/update.go:81.47,82.80 1 1
github.com/qri-io/scheduler/update/update.go:82.80,88.33 3 0
github.com/qri-io/scheduler/update/update.go:94.3,95.17 2 0
github.com/qri-io/scheduler/update/update.go:99.3,100.43 2 0
github.com/qri-io/scheduler/update/update.go:88.33,92.4 3 0
github.com/qri-io/scheduler/update/update.go:95.17,97.4 1 0
github.com/qri-io/scheduler/update/update.go:106.64,107.18 1 1
github.com/qri-io/scheduler/update/update.go:108.22,109.38 1 1
github.com/qri-io/scheduler/update/update.go:110.26,111.38 1 1
github.com/qri-io/scheduler/update/update.go:112.10,113.13 1 0
github.com/qri-io/scheduler/update/update.go:119.70,122.24 2 1
github.com/qri-io/scheduler/update/update.go:126.2,126.53 1 1
github.com/qri-io/scheduler/update/update.go:161.2,165.12 5 1
github.com/qri-io/scheduler/update/update.go:122.24,124.3 1 0
github.com/qri-io/scheduler/update/update.go:126.53,127.20 1 1
github.com/qri-io/scheduler/update/update.go:130.3,130.22 1 1
github.com/qri-io/scheduler/update/update.go:133.3,133.21 1 1
github.com/qri-io/scheduler/update/update.go:136.3,136.23 1 1
github.com/qri-io/scheduler/update/update.go:139.3,139.27 1 1
github.com/qri-io/scheduler/update/update.go:147.3,154.36 2 1
github.com/qri-io/scheduler/update/update.go:127.20,129.4 1 1
github.com/qri-io/scheduler/update/update.go:130.22,132.4 1 1
github.com/qri-io/scheduler/update/update.go:133.21,135.4 1 0
github.com/qri-io/scheduler/update/update.go:136.23,138.4 1 1
github.com/qri-io/scheduler/update/update.go:139.27,140.37 1 1
github.com/qri-io/scheduler/update/update.go:140.37,142.5 1 1
github.com/qri-io/scheduler/update/update.go:154.36,155.11 1 1
github.com/qri-io/scheduler/update/update.go:155.11,157.5 1 1
github.com/qri-io/scheduler/update/update.go:172.70,180.2 5 1
github.com/qri-io/scheduler/update/update.go:184.44,186.2 1 0
github.com/qri-io/scheduler/update/update.go:189.114,190.77 1 1
github.com/qri-io/scheduler/update/update.go:194.2,194.23 1 1
github.com/qri-io/scheduler/update/update.go:198.2,199.16 2 1
github.com/qri-io/scheduler/update/update.go:203.2,210.17 2 1
github.com/qri-io/scheduler/update/update.go:213.2,215.8 2 1
github.com/qri-io/scheduler/update/update.go:190.77,192.3 1 1
github.com/qri-io/scheduler/update/update.go:194.23,196.3 1 0
github.com/qri-io/scheduler/update/update.go:199.16,201.3 1 0
github.com/qri-io/scheduler/update/update.go:210.17,212.3 1 0
github.com/qri-io/scheduler/update/update.go:219.114,221.16 2 1
github.com/qri-io/scheduler/update/update.go:227.2,232.17 2 1
github.com/qri-io/scheduler/update/update.go:235.2,236.8 2 1
github.com/qri-io/scheduler/update/update.go:221.16,223.3 1 1
github.com/qri-io/scheduler/update/update.go:232.17,234.3 1 0
github.com/qri-io/scheduler/update/update.go:239.76,240.16 1 0
github.com/qri-io/scheduler/update/update.go:244.2,244.49 1 0
github.com/qri-io/scheduler/update/update.go:253.2,253.12 1 0
github.com/qri-io/scheduler/update/update.go:240.16,242.3 1 0
github.com/qri-io/scheduler/update/update.go:244.49,246.62 1 0
github.com/qri-io/scheduler/update/update.go:246.62,250.4 1 0
